<?xml version="1.0" encoding="UTF-8"?>
<!-- Generated by org.testng.reporters.JUnitReportReporter -->
<testsuite skipped="0" hostname="LAPTOP-Q7G4R1QO" name="com.vtiger.userTest.OpportunityTest" tests="1" failures="0" timestamp="21 Dec 2019 10:39:14 GMT" time="38.936" errors="0">
  <testcase name="OpportunityTest" time="38.936" classname="com.vtiger.userTest.OpportunityTest"/>
</testsuite> <!-- com.vtiger.userTest.OpportunityTest -->
