<?xml version="1.0" encoding="UTF-8"?>
<!-- Generated by org.testng.reporters.JUnitReportReporter -->
<testsuite skipped="0" hostname="LAPTOP-Q7G4R1QO" name="com.vtiger.userTest.BaseClass" tests="1" failures="0" timestamp="20 Nov 2019 14:30:20 GMT" time="0.273" errors="0">
  <testcase name="ConfigBm" time="0.273" classname="com.vtiger.userTest.BaseClass"/>
</testsuite> <!-- com.vtiger.userTest.BaseClass -->
