<?xml version="1.0" encoding="UTF-8"?>
<!-- Generated by org.testng.reporters.JUnitReportReporter -->
<testsuite skipped="0" hostname="LAPTOP-Q7G4R1QO" name="Practice.FlipkartTest" tests="1" failures="0" timestamp="14 Nov 2019 08:20:33 GMT" time="56.642" errors="0">
  <testcase name="ab" time="56.642" classname="Practice.FlipkartTest"/>
</testsuite> <!-- Practice.FlipkartTest -->
